
> plumbstock-pro@0.0.0 dev
> vite


  VITE v6.4.1  ready in 149 ms

  ➜  Local:   http://localhost:3000/
  ➜  Network: http://192.168.1.115:3000/
Files in the public directory are served at the root path.
Instead of /public/manifest.json, use /manifest.json.
Files in the public directory are served at the root path.
Instead of /public/manifest.json, use /manifest.json.
Files in the public directory are served at the root path.
Instead of /public/manifest.json, use /manifest.json.
Files in the public directory are served at the root path.
Instead of /public/manifest.json, use /manifest.json.
Files in the public directory are served at the root path.
Instead of /public/manifest.json, use /manifest.json.
Files in the public directory are served at the root path.
Instead of /public/manifest.json, use /manifest.json.
7:55:37 AM [vite] (client) hmr update /App.tsx
7:55:38 AM [vite] (client) hmr update /App.tsx
Files in the public directory are served at the root path.
Instead of /public/manifest.json, use /manifest.json.
Files in the public directory are served at the root path.
Instead of /public/manifest.json, use /manifest.json.
